# JRE version: Java(TM) SE Runtime Environment (8.0_231-b11) (build 1.8.0_231-b11)
# Java VM: Java HotSpot(TM) 64-Bit Server VM (25.231-b11 mixed mode windows-amd64 compressed oops)
Heap:
 PSYoungGen      total 784384K, used 81627K [0x000000076bf80000, 0x00000007bad00000, 0x00000007c0000000)
  eden space 781824K, 10% used [0x000000076bf80000,0x0000000770f0b2c0,0x000000079bb00000)
  from space 2560K, 6% used [0x00000007ba800000,0x00000007ba82b960,0x00000007baa80000)
  to   space 2560K, 0% used [0x00000007baa80000,0x00000007baa80000,0x00000007bad00000)
 ParOldGen       total 86528K, used 22807K [0x00000006c3e00000, 0x00000006c9280000, 0x000000076bf80000)
  object space 86528K, 26% used [0x00000006c3e00000,0x00000006c5445d38,0x00000006c9280000)
 Metaspace       used 7874K, capacity 8046K, committed 8320K, reserved 1056768K
  class space    used 729K, capacity 789K, committed 896K, reserved 1048576K
GC Heap History (10 events):
Event: 3253.998 GC heap before
{Heap before GC invocations=591 (full 2):
 PSYoungGen      total 992256K, used 991968K [0x000000076bf80000, 0x00000007bb300000, 0x00000007c0000000)
  eden space 990208K, 100% used [0x000000076bf80000,0x00000007a8680000,0x00000007a8680000)
  from space 2048K, 85% used [0x00000007bb100000,0x00000007bb2b8000,0x00000007bb300000)
  to   space 3072K, 0% used [0x00000007bad00000,0x00000007bad00000,0x00000007bb000000)
 ParOldGen       total 86528K, used 21031K [0x00000006c3e00000, 0x00000006c9280000, 0x000000076bf80000)
  object space 86528K, 24% used [0x00000006c3e00000,0x00000006c5289d38,0x00000006c9280000)
 Metaspace       used 7698K, capacity 7822K, committed 7936K, reserved 1056768K
  class space    used 723K, capacity 757K, committed 768K, reserved 1048576K
Event: 3254.001 GC heap after
Heap after GC invocations=591 (full 2):
 PSYoungGen      total 944640K, used 64K [0x000000076bf80000, 0x00000007bb180000, 0x00000007c0000000)
  eden space 944128K, 0% used [0x000000076bf80000,0x000000076bf80000,0x00000007a5980000)
  from space 512K, 12% used [0x00000007bad00000,0x00000007bad10000,0x00000007bad80000)
  to   space 3072K, 0% used [0x00000007bae80000,0x00000007bae80000,0x00000007bb180000)
 ParOldGen       total 86528K, used 22735K [0x00000006c3e00000, 0x00000006c9280000, 0x000000076bf80000)
  object space 86528K, 26% used [0x00000006c3e00000,0x00000006c5433d38,0x00000006c9280000)
 Metaspace       used 7698K, capacity 7822K, committed 7936K, reserved 1056768K
  class space    used 723K, capacity 757K, committed 768K, reserved 1048576K
}
Event: 3254.307 GC heap before
{Heap before GC invocations=592 (full 2):
 PSYoungGen      total 944640K, used 944192K [0x000000076bf80000, 0x00000007bb180000, 0x00000007c0000000)
  eden space 944128K, 100% used [0x000000076bf80000,0x00000007a5980000,0x00000007a5980000)
  from space 512K, 12% used [0x00000007bad00000,0x00000007bad10000,0x00000007bad80000)
  to   space 3072K, 0% used [0x00000007bae80000,0x00000007bae80000,0x00000007bb180000)
 ParOldGen       total 86528K, used 22735K [0x00000006c3e00000, 0x00000006c9280000, 0x000000076bf80000)
  object space 86528K, 26% used [0x00000006c3e00000,0x00000006c5433d38,0x00000006c9280000)
 Metaspace       used 7698K, capacity 7822K, committed 7936K, reserved 1056768K
  class space    used 723K, capacity 757K, committed 768K, reserved 1048576K
Event: 3254.308 GC heap after
Heap after GC invocations=592 (full 2):
 PSYoungGen      total 900608K, used 160K [0x000000076bf80000, 0x00000007baf00000, 0x00000007c0000000)
  eden space 900096K, 0% used [0x000000076bf80000,0x000000076bf80000,0x00000007a2e80000)
  from space 512K, 31% used [0x00000007bae80000,0x00000007baea8220,0x00000007baf00000)
  to   space 3072K, 0% used [0x00000007ba900000,0x00000007ba900000,0x00000007bac00000)
 ParOldGen       total 86528K, used 22751K [0x00000006c3e00000, 0x00000006c9280000, 0x000000076bf80000)
  object space 86528K, 26% used [0x00000006c3e00000,0x00000006c5437d38,0x00000006c9280000)
 Metaspace       used 7698K, capacity 7822K, committed 7936K, reserved 1056768K
  class space    used 723K, capacity 757K, committed 768K, reserved 1048576K
}
Event: 3254.602 GC heap before
{Heap before GC invocations=593 (full 2):
 PSYoungGen      total 900608K, used 900256K [0x000000076bf80000, 0x00000007baf00000, 0x00000007c0000000)
  eden space 900096K, 100% used [0x000000076bf80000,0x00000007a2e80000,0x00000007a2e80000)
  from space 512K, 31% used [0x00000007bae80000,0x00000007baea8220,0x00000007baf00000)
  to   space 3072K, 0% used [0x00000007ba900000,0x00000007ba900000,0x00000007bac00000)
 ParOldGen       total 86528K, used 22751K [0x00000006c3e00000, 0x00000006c9280000, 0x000000076bf80000)
  object space 86528K, 26% used [0x00000006c3e00000,0x00000006c5437d38,0x00000006c9280000)
 Metaspace       used 7698K, capacity 7822K, committed 7936K, reserved 1056768K
  class space    used 723K, capacity 757K, committed 768K, reserved 1048576K
Event: 3254.603 GC heap after
Heap after GC invocations=593 (full 2):
 PSYoungGen      total 861696K, used 96K [0x000000076bf80000, 0x00000007baf00000, 0x00000007c0000000)
  eden space 858624K, 0% used [0x000000076bf80000,0x000000076bf80000,0x00000007a0600000)
  from space 3072K, 3% used [0x00000007ba900000,0x00000007ba918000,0x00000007bac00000)
  to   space 2560K, 0% used [0x00000007bac80000,0x00000007bac80000,0x00000007baf00000)
 ParOldGen       total 86528K, used 22767K [0x00000006c3e00000, 0x00000006c9280000, 0x000000076bf80000)
  object space 86528K, 26% used [0x00000006c3e00000,0x00000006c543bd38,0x00000006c9280000)
 Metaspace       used 7698K, capacity 7822K, committed 7936K, reserved 1056768K
  class space    used 723K, capacity 757K, committed 768K, reserved 1048576K
}
Event: 3254.934 GC heap before
{Heap before GC invocations=594 (full 2):
 PSYoungGen      total 861696K, used 858720K [0x000000076bf80000, 0x00000007baf00000, 0x00000007c0000000)
  eden space 858624K, 100% used [0x000000076bf80000,0x00000007a0600000,0x00000007a0600000)
  from space 3072K, 3% used [0x00000007ba900000,0x00000007ba918000,0x00000007bac00000)
  to   space 2560K, 0% used [0x00000007bac80000,0x00000007bac80000,0x00000007baf00000)
 ParOldGen       total 86528K, used 22767K [0x00000006c3e00000, 0x00000006c9280000, 0x000000076bf80000)
  object space 86528K, 26% used [0x00000006c3e00000,0x00000006c543bd38,0x00000006c9280000)
 Metaspace       used 7698K, capacity 7822K, committed 7936K, reserved 1056768K
  class space    used 723K, capacity 757K, committed 768K, reserved 1048576K
Event: 3254.935 GC heap after
Heap after GC invocations=594 (full 2):
 PSYoungGen      total 819712K, used 128K [0x000000076bf80000, 0x00000007bad00000, 0x00000007c0000000)
  eden space 819200K, 0% used [0x000000076bf80000,0x000000076bf80000,0x000000079df80000)
  from space 512K, 25% used [0x00000007bac80000,0x00000007baca0000,0x00000007bad00000)
  to   space 2560K, 0% used [0x00000007ba800000,0x00000007ba800000,0x00000007baa80000)
 ParOldGen       total 86528K, used 22783K [0x00000006c3e00000, 0x00000006c9280000, 0x000000076bf80000)
  object space 86528K, 26% used [0x00000006c3e00000,0x00000006c543fd38,0x00000006c9280000)
 Metaspace       used 7698K, capacity 7822K, committed 7936K, reserved 1056768K
  class space    used 723K, capacity 757K, committed 768K, reserved 1048576K
}
Event: 3255.197 GC heap before
{Heap before GC invocations=595 (full 2):
 PSYoungGen      total 819712K, used 819328K [0x000000076bf80000, 0x00000007bad00000, 0x00000007c0000000)
  eden space 819200K, 100% used [0x000000076bf80000,0x000000079df80000,0x000000079df80000)
  from space 512K, 25% used [0x00000007bac80000,0x00000007baca0000,0x00000007bad00000)
  to   space 2560K, 0% used [0x00000007ba800000,0x00000007ba800000,0x00000007baa80000)
 ParOldGen       total 86528K, used 22783K [0x00000006c3e00000, 0x00000006c9280000, 0x000000076bf80000)
  object space 86528K, 26% used [0x00000006c3e00000,0x00000006c543fd38,0x00000006c9280000)
 Metaspace       used 7698K, capacity 7822K, committed 7936K, reserved 1056768K
  class space    used 723K, capacity 757K, committed 768K, reserved 1048576K
Event: 3255.198 GC heap after
Heap after GC invocations=595 (full 2):
 PSYoungGen      total 784384K, used 174K [0x000000076bf80000, 0x00000007bad00000, 0x00000007c0000000)
  eden space 781824K, 0% used [0x000000076bf80000,0x000000076bf80000,0x000000079bb00000)
  from space 2560K, 6% used [0x00000007ba800000,0x00000007ba82b960,0x00000007baa80000)
  to   space 2560K, 0% used [0x00000007baa80000,0x00000007baa80000,0x00000007bad00000)
 ParOldGen       total 86528K, used 22807K [0x00000006c3e00000, 0x00000006c9280000, 0x000000076bf80000)
  object space 86528K, 26% used [0x00000006c3e00000,0x00000006c5445d38,0x00000006c9280000)
 Metaspace       used 7698K, capacity 7822K, committed 7936K, reserved 1056768K
  class space    used 723K, capacity 757K, committed 768K, reserved 1048576K
}

