# JRE version: Java(TM) SE Runtime Environment (8.0_231-b11) (build 1.8.0_231-b11)
# Java VM: Java HotSpot(TM) 64-Bit Server VM (25.231-b11 mixed mode windows-amd64 compressed oops)
Heap:
 PSYoungGen      total 141824K, used 84563K [0x000000076bf80000, 0x0000000775980000, 0x00000007c0000000)
  eden space 129024K, 58% used [0x000000076bf80000,0x00000007708b4dd8,0x0000000773d80000)
  from space 12800K, 75% used [0x0000000774b00000,0x0000000775460020,0x0000000775780000)
  to   space 13824K, 0% used [0x0000000773d80000,0x0000000773d80000,0x0000000774b00000)
 ParOldGen       total 173568K, used 40K [0x00000006c3e00000, 0x00000006ce780000, 0x000000076bf80000)
  object space 173568K, 0% used [0x00000006c3e00000,0x00000006c3e0a000,0x00000006ce780000)
 Metaspace       used 8211K, capacity 8398K, committed 8448K, reserved 1056768K
  class space    used 726K, capacity 757K, committed 768K, reserved 1048576K
GC Heap History (10 events):
Event: 1.276 GC heap before
{Heap before GC invocations=2 (full 0):
 PSYoungGen      total 75776K, used 66678K [0x000000076bf80000, 0x0000000771400000, 0x00000007c0000000)
  eden space 65024K, 100% used [0x000000076bf80000,0x000000076ff00000,0x000000076ff00000)
  from space 10752K, 15% used [0x000000076ff00000,0x000000077009db78,0x0000000770980000)
  to   space 10752K, 0% used [0x0000000770980000,0x0000000770980000,0x0000000771400000)
 ParOldGen       total 173568K, used 8K [0x00000006c3e00000, 0x00000006ce780000, 0x000000076bf80000)
  object space 173568K, 0% used [0x00000006c3e00000,0x00000006c3e02000,0x00000006ce780000)
 Metaspace       used 7294K, capacity 7438K, committed 7680K, reserved 1056768K
  class space    used 718K, capacity 757K, committed 768K, reserved 1048576K
Event: 1.279 GC heap after
Heap after GC invocations=2 (full 0):
 PSYoungGen      total 75776K, used 3762K [0x000000076bf80000, 0x0000000771400000, 0x00000007c0000000)
  eden space 65024K, 0% used [0x000000076bf80000,0x000000076bf80000,0x000000076ff00000)
  from space 10752K, 34% used [0x0000000770980000,0x0000000770d2c9a8,0x0000000771400000)
  to   space 10752K, 0% used [0x000000076ff00000,0x000000076ff00000,0x0000000770980000)
 ParOldGen       total 173568K, used 16K [0x00000006c3e00000, 0x00000006ce780000, 0x000000076bf80000)
  object space 173568K, 0% used [0x00000006c3e00000,0x00000006c3e04000,0x00000006ce780000)
 Metaspace       used 7294K, capacity 7438K, committed 7680K, reserved 1056768K
  class space    used 718K, capacity 757K, committed 768K, reserved 1048576K
}
Event: 1.529 GC heap before
{Heap before GC invocations=3 (full 0):
 PSYoungGen      total 75776K, used 68786K [0x000000076bf80000, 0x0000000771400000, 0x00000007c0000000)
  eden space 65024K, 100% used [0x000000076bf80000,0x000000076ff00000,0x000000076ff00000)
  from space 10752K, 34% used [0x0000000770980000,0x0000000770d2c9a8,0x0000000771400000)
  to   space 10752K, 0% used [0x000000076ff00000,0x000000076ff00000,0x0000000770980000)
 ParOldGen       total 173568K, used 16K [0x00000006c3e00000, 0x00000006ce780000, 0x000000076bf80000)
  object space 173568K, 0% used [0x00000006c3e00000,0x00000006c3e04000,0x00000006ce780000)
 Metaspace       used 7377K, capacity 7566K, committed 7680K, reserved 1056768K
  class space    used 719K, capacity 757K, committed 768K, reserved 1048576K
Event: 1.532 GC heap after
Heap after GC invocations=3 (full 0):
 PSYoungGen      total 75776K, used 3568K [0x000000076bf80000, 0x0000000771400000, 0x00000007c0000000)
  eden space 65024K, 0% used [0x000000076bf80000,0x000000076bf80000,0x000000076ff00000)
  from space 10752K, 33% used [0x000000076ff00000,0x000000077027c010,0x0000000770980000)
  to   space 10752K, 0% used [0x0000000770980000,0x0000000770980000,0x0000000771400000)
 ParOldGen       total 173568K, used 24K [0x00000006c3e00000, 0x00000006ce780000, 0x000000076bf80000)
  object space 173568K, 0% used [0x00000006c3e00000,0x00000006c3e06000,0x00000006ce780000)
 Metaspace       used 7377K, capacity 7566K, committed 7680K, reserved 1056768K
  class space    used 719K, capacity 757K, committed 768K, reserved 1048576K
}
Event: 1.748 GC heap before
{Heap before GC invocations=4 (full 0):
 PSYoungGen      total 75776K, used 68592K [0x000000076bf80000, 0x0000000771400000, 0x00000007c0000000)
  eden space 65024K, 100% used [0x000000076bf80000,0x000000076ff00000,0x000000076ff00000)
  from space 10752K, 33% used [0x000000076ff00000,0x000000077027c010,0x0000000770980000)
  to   space 10752K, 0% used [0x0000000770980000,0x0000000770980000,0x0000000771400000)
 ParOldGen       total 173568K, used 24K [0x00000006c3e00000, 0x00000006ce780000, 0x000000076bf80000)
  object space 173568K, 0% used [0x00000006c3e00000,0x00000006c3e06000,0x00000006ce780000)
 Metaspace       used 7390K, capacity 7566K, committed 7680K, reserved 1056768K
  class space    used 719K, capacity 757K, committed 768K, reserved 1048576K
Event: 1.754 GC heap after
Heap after GC invocations=4 (full 0):
 PSYoungGen      total 75776K, used 9680K [0x000000076bf80000, 0x0000000775380000, 0x00000007c0000000)
  eden space 65024K, 0% used [0x000000076bf80000,0x000000076bf80000,0x000000076ff00000)
  from space 10752K, 90% used [0x0000000770980000,0x00000007712f4010,0x0000000771400000)
  to   space 10752K, 0% used [0x000000076ff00000,0x000000076ff00000,0x0000000770980000)
 ParOldGen       total 173568K, used 32K [0x00000006c3e00000, 0x00000006ce780000, 0x000000076bf80000)
  object space 173568K, 0% used [0x00000006c3e00000,0x00000006c3e08000,0x00000006ce780000)
 Metaspace       used 7390K, capacity 7566K, committed 7680K, reserved 1056768K
  class space    used 719K, capacity 757K, committed 768K, reserved 1048576K
}
Event: 1.955 GC heap before
{Heap before GC invocations=5 (full 0):
 PSYoungGen      total 75776K, used 74704K [0x000000076bf80000, 0x0000000775380000, 0x00000007c0000000)
  eden space 65024K, 100% used [0x000000076bf80000,0x000000076ff00000,0x000000076ff00000)
  from space 10752K, 90% used [0x0000000770980000,0x00000007712f4010,0x0000000771400000)
  to   space 10752K, 0% used [0x000000076ff00000,0x000000076ff00000,0x0000000770980000)
 ParOldGen       total 173568K, used 32K [0x00000006c3e00000, 0x00000006ce780000, 0x000000076bf80000)
  object space 173568K, 0% used [0x00000006c3e00000,0x00000006c3e08000,0x00000006ce780000)
 Metaspace       used 7410K, capacity 7566K, committed 7680K, reserved 1056768K
  class space    used 719K, capacity 757K, committed 768K, reserved 1048576K
Event: 1.960 GC heap after
Heap after GC invocations=5 (full 0):
 PSYoungGen      total 75776K, used 10704K [0x000000076bf80000, 0x0000000775780000, 0x00000007c0000000)
  eden space 65024K, 0% used [0x000000076bf80000,0x000000076bf80000,0x000000076ff00000)
  from space 10752K, 99% used [0x000000076ff00000,0x0000000770974010,0x0000000770980000)
  to   space 12800K, 0% used [0x0000000774b00000,0x0000000774b00000,0x0000000775780000)
 ParOldGen       total 173568K, used 40K [0x00000006c3e00000, 0x00000006ce780000, 0x000000076bf80000)
  object space 173568K, 0% used [0x00000006c3e00000,0x00000006c3e0a000,0x00000006ce780000)
 Metaspace       used 7410K, capacity 7566K, committed 7680K, reserved 1056768K
  class space    used 719K, capacity 757K, committed 768K, reserved 1048576K
}
Event: 2.096 GC heap before
{Heap before GC invocations=6 (full 0):
 PSYoungGen      total 75776K, used 75728K [0x000000076bf80000, 0x0000000775780000, 0x00000007c0000000)
  eden space 65024K, 100% used [0x000000076bf80000,0x000000076ff00000,0x000000076ff00000)
  from space 10752K, 99% used [0x000000076ff00000,0x0000000770974010,0x0000000770980000)
  to   space 12800K, 0% used [0x0000000774b00000,0x0000000774b00000,0x0000000775780000)
 ParOldGen       total 173568K, used 40K [0x00000006c3e00000, 0x00000006ce780000, 0x000000076bf80000)
  object space 173568K, 0% used [0x00000006c3e00000,0x00000006c3e0a000,0x00000006ce780000)
 Metaspace       used 7422K, capacity 7630K, committed 7680K, reserved 1056768K
  class space    used 719K, capacity 757K, committed 768K, reserved 1048576K
Event: 2.101 GC heap after
Heap after GC invocations=6 (full 0):
 PSYoungGen      total 141824K, used 9600K [0x000000076bf80000, 0x0000000775980000, 0x00000007c0000000)
  eden space 129024K, 0% used [0x000000076bf80000,0x000000076bf80000,0x0000000773d80000)
  from space 12800K, 75% used [0x0000000774b00000,0x0000000775460020,0x0000000775780000)
  to   space 13824K, 0% used [0x0000000773d80000,0x0000000773d80000,0x0000000774b00000)
 ParOldGen       total 173568K, used 40K [0x00000006c3e00000, 0x00000006ce780000, 0x000000076bf80000)
  object space 173568K, 0% used [0x00000006c3e00000,0x00000006c3e0a000,0x00000006ce780000)
 Metaspace       used 7422K, capacity 7630K, committed 7680K, reserved 1056768K
  class space    used 719K, capacity 757K, committed 768K, reserved 1048576K
}

