# JRE version: Java(TM) SE Runtime Environment (8.0_231-b11) (build 1.8.0_231-b11)
# Java VM: Java HotSpot(TM) 64-Bit Server VM (25.231-b11 mixed mode windows-amd64 compressed oops)
Heap:
 PSYoungGen      total 1079808K, used 485190K [0x000000076bf80000, 0x00000007bfe80000, 0x00000007c0000000)
  eden space 1078784K, 44% used [0x000000076bf80000,0x0000000789904180,0x00000007add00000)
  from space 1024K, 30% used [0x00000007bfc80000,0x00000007bfccd828,0x00000007bfd80000)
  to   space 1024K, 0% used [0x00000007bfd80000,0x00000007bfd80000,0x00000007bfe80000)
 ParOldGen       total 173568K, used 164192K [0x00000006c3e00000, 0x00000006ce780000, 0x000000076bf80000)
  object space 173568K, 94% used [0x00000006c3e00000,0x00000006cde583a0,0x00000006ce780000)
 Metaspace       used 8903K, capacity 9070K, committed 9344K, reserved 1058816K
  class space    used 733K, capacity 789K, committed 896K, reserved 1048576K
GC Heap History (10 events):
Event: 591.641 GC heap before
{Heap before GC invocations=1755 (full 0):
 PSYoungGen      total 1375744K, used 1374943K [0x000000076bf80000, 0x00000007c0000000, 0x00000007c0000000)
  eden space 1374720K, 100% used [0x000000076bf80000,0x00000007bfe00000,0x00000007bfe00000)
  from space 1024K, 21% used [0x00000007bff00000,0x00000007bff37d60,0x00000007c0000000)
  to   space 1024K, 0% used [0x00000007bfe00000,0x00000007bfe00000,0x00000007bff00000)
 ParOldGen       total 173568K, used 164064K [0x00000006c3e00000, 0x00000006ce780000, 0x000000076bf80000)
  object space 173568K, 94% used [0x00000006c3e00000,0x00000006cde383a0,0x00000006ce780000)
 Metaspace       used 8215K, capacity 8398K, committed 8448K, reserved 1056768K
  class space    used 726K, capacity 757K, committed 768K, reserved 1048576K
Event: 591.642 GC heap after
Heap after GC invocations=1755 (full 0):
 PSYoungGen      total 1309696K, used 489K [0x000000076bf80000, 0x00000007bff80000, 0x00000007c0000000)
  eden space 1309184K, 0% used [0x000000076bf80000,0x000000076bf80000,0x00000007bbe00000)
  from space 512K, 95% used [0x00000007bfe00000,0x00000007bfe7a5e0,0x00000007bfe80000)
  to   space 1024K, 0% used [0x00000007bfe80000,0x00000007bfe80000,0x00000007bff80000)
 ParOldGen       total 173568K, used 164088K [0x00000006c3e00000, 0x00000006ce780000, 0x000000076bf80000)
  object space 173568K, 94% used [0x00000006c3e00000,0x00000006cde3e3a0,0x00000006ce780000)
 Metaspace       used 8215K, capacity 8398K, committed 8448K, reserved 1056768K
  class space    used 726K, capacity 757K, committed 768K, reserved 1048576K
}
Event: 591.906 GC heap before
{Heap before GC invocations=1756 (full 0):
 PSYoungGen      total 1309696K, used 1309673K [0x000000076bf80000, 0x00000007bff80000, 0x00000007c0000000)
  eden space 1309184K, 100% used [0x000000076bf80000,0x00000007bbe00000,0x00000007bbe00000)
  from space 512K, 95% used [0x00000007bfe00000,0x00000007bfe7a5e0,0x00000007bfe80000)
  to   space 1024K, 0% used [0x00000007bfe80000,0x00000007bfe80000,0x00000007bff80000)
 ParOldGen       total 173568K, used 164088K [0x00000006c3e00000, 0x00000006ce780000, 0x000000076bf80000)
  object space 173568K, 94% used [0x00000006c3e00000,0x00000006cde3e3a0,0x00000006ce780000)
 Metaspace       used 8215K, capacity 8398K, committed 8448K, reserved 1056768K
  class space    used 726K, capacity 757K, committed 768K, reserved 1048576K
Event: 591.907 GC heap after
Heap after GC invocations=1756 (full 0):
 PSYoungGen      total 1247744K, used 287K [0x000000076bf80000, 0x00000007bff00000, 0x00000007c0000000)
  eden space 1247232K, 0% used [0x000000076bf80000,0x000000076bf80000,0x00000007b8180000)
  from space 512K, 56% used [0x00000007bfe80000,0x00000007bfec7d40,0x00000007bff00000)
  to   space 1024K, 0% used [0x00000007bfd00000,0x00000007bfd00000,0x00000007bfe00000)
 ParOldGen       total 173568K, used 164096K [0x00000006c3e00000, 0x00000006ce780000, 0x000000076bf80000)
  object space 173568K, 94% used [0x00000006c3e00000,0x00000006cde403a0,0x00000006ce780000)
 Metaspace       used 8215K, capacity 8398K, committed 8448K, reserved 1056768K
  class space    used 726K, capacity 757K, committed 768K, reserved 1048576K
}
Event: 592.134 GC heap before
{Heap before GC invocations=1757 (full 0):
 PSYoungGen      total 1247744K, used 1247519K [0x000000076bf80000, 0x00000007bff00000, 0x00000007c0000000)
  eden space 1247232K, 100% used [0x000000076bf80000,0x00000007b8180000,0x00000007b8180000)
  from space 512K, 56% used [0x00000007bfe80000,0x00000007bfec7d40,0x00000007bff00000)
  to   space 1024K, 0% used [0x00000007bfd00000,0x00000007bfd00000,0x00000007bfe00000)
 ParOldGen       total 173568K, used 164096K [0x00000006c3e00000, 0x00000006ce780000, 0x000000076bf80000)
  object space 173568K, 94% used [0x00000006c3e00000,0x00000006cde403a0,0x00000006ce780000)
 Metaspace       used 8215K, capacity 8398K, committed 8448K, reserved 1056768K
  class space    used 726K, capacity 757K, committed 768K, reserved 1048576K
Event: 592.135 GC heap after
Heap after GC invocations=1757 (full 0):
 PSYoungGen      total 1189376K, used 195K [0x000000076bf80000, 0x00000007bff00000, 0x00000007c0000000)
  eden space 1188352K, 0% used [0x000000076bf80000,0x000000076bf80000,0x00000007b4800000)
  from space 1024K, 19% used [0x00000007bfd00000,0x00000007bfd30e00,0x00000007bfe00000)
  to   space 1024K, 0% used [0x00000007bfe00000,0x00000007bfe00000,0x00000007bff00000)
 ParOldGen       total 173568K, used 164112K [0x00000006c3e00000, 0x00000006ce780000, 0x000000076bf80000)
  object space 173568K, 94% used [0x00000006c3e00000,0x00000006cde443a0,0x00000006ce780000)
 Metaspace       used 8215K, capacity 8398K, committed 8448K, reserved 1056768K
  class space    used 726K, capacity 757K, committed 768K, reserved 1048576K
}
Event: 592.377 GC heap before
{Heap before GC invocations=1758 (full 0):
 PSYoungGen      total 1189376K, used 1188547K [0x000000076bf80000, 0x00000007bff00000, 0x00000007c0000000)
  eden space 1188352K, 100% used [0x000000076bf80000,0x00000007b4800000,0x00000007b4800000)
  from space 1024K, 19% used [0x00000007bfd00000,0x00000007bfd30e00,0x00000007bfe00000)
  to   space 1024K, 0% used [0x00000007bfe00000,0x00000007bfe00000,0x00000007bff00000)
 ParOldGen       total 173568K, used 164112K [0x00000006c3e00000, 0x00000006ce780000, 0x000000076bf80000)
  object space 173568K, 94% used [0x00000006c3e00000,0x00000006cde443a0,0x00000006ce780000)
 Metaspace       used 8215K, capacity 8398K, committed 8448K, reserved 1056768K
  class space    used 726K, capacity 757K, committed 768K, reserved 1048576K
Event: 592.379 GC heap after
Heap after GC invocations=1758 (full 0):
 PSYoungGen      total 1132544K, used 172K [0x000000076bf80000, 0x00000007bfe80000, 0x00000007c0000000)
  eden space 1132032K, 0% used [0x000000076bf80000,0x000000076bf80000,0x00000007b1100000)
  from space 512K, 33% used [0x00000007bfe00000,0x00000007bfe2b2a8,0x00000007bfe80000)
  to   space 1024K, 0% used [0x00000007bfc80000,0x00000007bfc80000,0x00000007bfd80000)
 ParOldGen       total 173568K, used 164160K [0x00000006c3e00000, 0x00000006ce780000, 0x000000076bf80000)
  object space 173568K, 94% used [0x00000006c3e00000,0x00000006cde503a0,0x00000006ce780000)
 Metaspace       used 8215K, capacity 8398K, committed 8448K, reserved 1056768K
  class space    used 726K, capacity 757K, committed 768K, reserved 1048576K
}
Event: 592.552 GC heap before
{Heap before GC invocations=1759 (full 0):
 PSYoungGen      total 1132544K, used 1132204K [0x000000076bf80000, 0x00000007bfe80000, 0x00000007c0000000)
  eden space 1132032K, 100% used [0x000000076bf80000,0x00000007b1100000,0x00000007b1100000)
  from space 512K, 33% used [0x00000007bfe00000,0x00000007bfe2b2a8,0x00000007bfe80000)
  to   space 1024K, 0% used [0x00000007bfc80000,0x00000007bfc80000,0x00000007bfd80000)
 ParOldGen       total 173568K, used 164160K [0x00000006c3e00000, 0x00000006ce780000, 0x000000076bf80000)
  object space 173568K, 94% used [0x00000006c3e00000,0x00000006cde503a0,0x00000006ce780000)
 Metaspace       used 8215K, capacity 8398K, committed 8448K, reserved 1056768K
  class space    used 726K, capacity 757K, committed 768K, reserved 1048576K
Event: 592.553 GC heap after
Heap after GC invocations=1759 (full 0):
 PSYoungGen      total 1079808K, used 310K [0x000000076bf80000, 0x00000007bfe80000, 0x00000007c0000000)
  eden space 1078784K, 0% used [0x000000076bf80000,0x000000076bf80000,0x00000007add00000)
  from space 1024K, 30% used [0x00000007bfc80000,0x00000007bfccd828,0x00000007bfd80000)
  to   space 1024K, 0% used [0x00000007bfd80000,0x00000007bfd80000,0x00000007bfe80000)
 ParOldGen       total 173568K, used 164192K [0x00000006c3e00000, 0x00000006ce780000, 0x000000076bf80000)
  object space 173568K, 94% used [0x00000006c3e00000,0x00000006cde583a0,0x00000006ce780000)
 Metaspace       used 8215K, capacity 8398K, committed 8448K, reserved 1056768K
  class space    used 726K, capacity 757K, committed 768K, reserved 1048576K
}

